Arguments: 
  /home/generel/.nvm/versions/node/v16.19.0/bin/node /home/generel/.nvm/versions/node/v16.19.0/bin/yarn -f

PATH: 
  /home/generel/.nvm/versions/node/v16.19.0/bin:/home/generel/.local/bin:/usr/local/sbin:/usr/local/bin:/usr/bin:/usr/lib/jvm/default/bin:/usr/bin/site_perl:/usr/bin/vendor_perl:/usr/bin/core_perl:/var/lib/snapd/snap/bin

Yarn version: 
  1.22.19

Node version: 
  16.19.0

Platform: 
  linux x64

Trace: 
  Error: ENOTDIR: not a directory, scandir '/home/generel/.cache/yarn/v6/npm-@nxg-org-mineflayer-physics-util-0.0.0-0ac3968b-61cb-4200-8ad7-76ac780f7e99-1673735090826/node_modules/@nxg-org/mineflayer-physics-util'

npm manifest: 
  {
    "name": "auto-jumper",
    "version": "0.0.1",
    "description": "Auto-jumper for mineflayer.",
    "main": "lib/index.js",
    "repository": "https://github.com/nxg-org/mineflayer-auto-jump.git",
    "author": "GenerelSchwerz <xXSG.KingXx@gmail.com>",
    "license": "GPL-3.0",
    "private": false,
    "scripts": {
      "build": "npx tsc",
      "test": "ts-node src/index.ts",
      "start": "node lib/index.js"
    },
    "devDependencies": {
      "mineflayer": "^4.6.0",
      "typescript": "^4.9.4"
    },
    "dependencies": {
      "@nxg-org/mineflayer-physics-util": "file:/home/generel/Documents/vscode/javascript/mineflayer-plugins/physics-utils/src/index.ts",
      "strict-event-emitter-types": "^2.0.0"
    }
  }

yarn manifest: 
  No manifest

Lockfile: 
  # THIS IS AN AUTOGENERATED FILE. DO NOT EDIT THIS FILE DIRECTLY.
  # yarn lockfile v1
  
  
  "@azure/msal-common@^9.0.2":
    version "9.0.2"
    resolved "https://registry.yarnpkg.com/@azure/msal-common/-/msal-common-9.0.2.tgz#b01c0faef18125987682e669494163da06449a20"
    integrity sha512-qzwxuF8kZAp+rNUactMCgJh8fblq9D4lSqrrIxMDzLjgSZtjN32ix7r/HBe8QdOr76II9SVVPcMkX4sPzPfQ7w==
  
  "@azure/msal-node@^1.1.0":
    version "1.14.6"
    resolved "https://registry.yarnpkg.com/@azure/msal-node/-/msal-node-1.14.6.tgz#db1d64249e38afa4831aaed818d17cf48e53c349"
    integrity sha512-em/qqFL5tLMxMPl9vormAs13OgZpmQoJbiQ/GlWr+BA77eCLoL+Ehr5xRHowYo+LFe5b+p+PJVkRvT+mLvOkwA==
    dependencies:
      "@azure/msal-common" "^9.0.2"
      jsonwebtoken "^9.0.0"
      uuid "^8.3.0"
  
  "@babel/code-frame@^7.12.13":
    version "7.18.6"
    resolved "https://registry.yarnpkg.com/@babel/code-frame/-/code-frame-7.18.6.tgz#3b25d38c89600baa2dcc219edfa88a74eb2c427a"
    integrity sha512-TDCmlK5eOvH+eH7cdAFlNXeVJqWIQ7gW9tY1GJIpUtFb6CmjVyq2VM3u71bOyR8CRihcCgMUYoDNyLXao3+70Q==
    dependencies:
      "@babel/highlight" "^7.18.6"
  
  "@babel/helper-validator-identifier@^7.18.6":
    version "7.19.1"
    resolved "https://registry.yarnpkg.com/@babel/helper-validator-identifier/-/helper-validator-identifier-7.19.1.tgz#7eea834cf32901ffdc1a7ee555e2f9c27e249ca2"
    integrity sha512-awrNfaMtnHUr653GgGEs++LlAvW6w+DcPrOliSMXWCKo597CwL5Acf/wWdNkf/tfEQE3mjkeD1YOVZOUV/od1w==
  
  "@babel/highlight@^7.18.6":
    version "7.18.6"
    resolved "https://registry.yarnpkg.com/@babel/highlight/-/highlight-7.18.6.tgz#81158601e93e2563795adcbfbdf5d64be3f2ecdf"
    integrity sha512-u7stbOuYjaPezCuLj29hNW1v64M2Md2qupEKP1fHc7WdOA3DgLh37suiSrZYY7haUB7iBeQZ9P1uiRF359do3g==
    dependencies:
      "@babel/helper-validator-identifier" "^7.18.6"
      chalk "^2.0.0"
      js-tokens "^4.0.0"
  
  "@jest/types@^27.5.1":
    version "27.5.1"
    resolved "https://registry.yarnpkg.com/@jest/types/-/types-27.5.1.tgz#3c79ec4a8ba61c170bf937bcf9e98a9df175ec80"
    integrity sha512-Cx46iJ9QpwQTjIdq5VJu2QTMMs3QlEjI0x1QbBP5W1+nMzyc2XmimiRR/CbX9TO0cPTeUlxWMOu8mslYsJ8DEw==
    dependencies:
      "@types/istanbul-lib-coverage" "^2.0.0"
      "@types/istanbul-reports" "^3.0.0"
      "@types/node" "*"
      "@types/yargs" "^16.0.0"
      chalk "^4.0.0"
  
  "@nxg-org/mineflayer-physics-util@^1.2.3":
    version "1.2.3"
    resolved "https://registry.yarnpkg.com/@nxg-org/mineflayer-physics-util/-/mineflayer-physics-util-1.2.3.tgz#95da496887cdf2dff8e3544bb2b1a5c080c7132e"
    integrity sha512-KrP2ynMRgvptwxjDmYXMJk6WSii8hOazk97bfdj1wBix2mvqGwfP8WoLTDmsqsTpBGvd8Qgka/lr4sSKziXy1g==
    dependencies:
      "@nxg-org/mineflayer-util-plugin" "^1.3.17"
      expect "^27.5.1"
      minecraft-data "^2.113.0"
      mineflayer "^4.0.0"
      prismarine-block "^1.13.1"
      prismarine-entity "^2.0.0"
      prismarine-item "^1.11.1"
      prismarine-physics "^1.3.1"
      prismarine-registry "^1.1.0"
      vec3 "^0.1.7"
  
  "@nxg-org/mineflayer-util-plugin@^1.3.17":
    version "1.5.2"
    resolved "https://registry.yarnpkg.com/@nxg-org/mineflayer-util-plugin/-/mineflayer-util-plugin-1.5.2.tgz#742b57a1b76dc20a3b64ff8ba3957054f16be41b"
    integrity sha512-zd2QS9cRL+C/UN0IGbhnFewcr+pdFR0sva0Zzld0pnnOu3LXHQNQ01Jhnubo5BmpS7vUewwKw86bfDPy/D00eA==
    dependencies:
      mineflayer-pathfinder "^2.3.3"
      vec3 "^0.1.7"
  
  "@types/istanbul-lib-coverage@*", "@types/istanbul-lib-coverage@^2.0.0":
    version "2.0.4"
    resolved "https://registry.yarnpkg.com/@types/istanbul-lib-coverage/-/istanbul-lib-coverage-2.0.4.tgz#8467d4b3c087805d63580480890791277ce35c44"
    integrity sha512-z/QT1XN4K4KYuslS23k62yDIDLwLFkzxOuMplDtObz0+y7VqJCaO2o+SPwHCvLFZh7xazvvoor2tA/hPz9ee7g==
  
  "@types/istanbul-lib-report@*":
    version "3.0.0"
    resolved "https://registry.yarnpkg.com/@types/istanbul-lib-report/-/istanbul-lib-report-3.0.0.tgz#c14c24f18ea8190c118ee7562b7ff99a36552686"
    integrity sha512-plGgXAPfVKFoYfa9NpYDAkseG+g6Jr294RqeqcqDixSbU34MZVJRi/P+7Y8GDpzkEwLaGZZOpKIEmeVZNtKsrg==
    dependencies:
      "@types/istanbul-lib-coverage" "*"
  
  "@types/istanbul-reports@^3.0.0":
    version "3.0.1"
    resolved "https://registry.yarnpkg.com/@types/istanbul-reports/-/istanbul-reports-3.0.1.tgz#9153fe98bba2bd565a63add9436d6f0d7f8468ff"
    integrity sha512-c3mAZEuK0lvBp8tmuL74XRKn1+y2dcwOUpH7x4WrF6gk1GIgiluDRgMYQtw2OFcBvAJWlt6ASU3tSqxp0Uu0Aw==
    dependencies:
      "@types/istanbul-lib-report" "*"
  
  "@types/node@*":
    version "18.11.18"
    resolved "https://registry.yarnpkg.com/@types/node/-/node-18.11.18.tgz#8dfb97f0da23c2293e554c5a50d61ef134d7697f"
    integrity sha512-DHQpWGjyQKSHj3ebjFI/wRKcqQcdR+MoFBygntYOZytCqNfkd2ZC4ARDJ2DQqhjH5p85Nnd3jhUJIXrszFX/JA==
  
  "@types/readable-stream@^2.3.13":
    version "2.3.15"
    resolved "https://registry.yarnpkg.com/@types/readable-stream/-/readable-stream-2.3.15.tgz#3d79c9ceb1b6a57d5f6e6976f489b9b5384321ae"
    integrity sha512-oM5JSKQCcICF1wvGgmecmHldZ48OZamtMxcGGVICOJA8o8cahXC1zEVAif8iwoc5j8etxFaRFnf095+CDsuoFQ==
    dependencies:
      "@types/node" "*"
      safe-buffer "~5.1.1"
  
  "@types/stack-utils@^2.0.0":
    version "2.0.1"
    resolved "https://registry.yarnpkg.com/@types/stack-utils/-/stack-utils-2.0.1.tgz#20f18294f797f2209b5f65c8e3b5c8e8261d127c"
    integrity sha512-Hl219/BT5fLAaz6NDkSuhzasy49dwQS/DSdu4MdggFB8zcXv7vflBI3xp7FEmkmdDkBUI2bPUNeMttp2knYdxw==
  
  "@types/yargs-parser@*":
    version "21.0.0"
    resolved "https://registry.yarnpkg.com/@types/yargs-parser/-/yargs-parser-21.0.0.tgz#0c60e537fa790f5f9472ed2776c2b71ec117351b"
    integrity sha512-iO9ZQHkZxHn4mSakYV0vFHAVDyEOIJQrV2uZ06HxEPcx+mt8swXoZHIbaaJ2crJYFfErySgktuTZ3BeLz+XmFA==
  
  "@types/yargs@^16.0.0":
    version "16.0.5"
    resolved "https://registry.yarnpkg.com/@types/yargs/-/yargs-16.0.5.tgz#12cc86393985735a283e387936398c2f9e5f88e3"
    integrity sha512-AxO/ADJOBFJScHbWhq2xAhlWP24rY4aCEG/NFaMvbT3X2MgRsLjhjQwsn0Zi5zn0LG9jUhCCZMeX9Dkuw6k+vQ==
    dependencies:
      "@types/yargs-parser" "*"
  
  "@xboxreplay/errors@^0.1.0":
    version "0.1.0"
    resolved "https://registry.yarnpkg.com/@xboxreplay/errors/-/errors-0.1.0.tgz#e8daceb3c88c104872301d4193f54dc141a8d35a"
    integrity sha512-Tgz1d/OIPDWPeyOvuL5+aai5VCcqObhPnlI3skQuf80GVF3k1I0lPCnGC+8Cm5PV9aLBT5m8qPcJoIUQ2U4y9g==
  
  "@xboxreplay/xboxlive-auth@^3.3.3":
    version "3.3.3"
    resolved "https://registry.yarnpkg.com/@xboxreplay/xboxlive-auth/-/xboxlive-auth-3.3.3.tgz#fd52821f4857c92bc30c2c19b18dac4ca7677e6f"
    integrity sha512-j0AU8pW10LM8O68CTZ5QHnvOjSsnPICy0oQcP7zyM7eWkDQ/InkiQiirQKsPn1XRYDl4ccNu0WM582s3UKwcBg==
    dependencies:
      "@xboxreplay/errors" "^0.1.0"
      axios "^0.21.1"
  
  abort-controller@^3.0.0:
    version "3.0.0"
    resolved "https://registry.yarnpkg.com/abort-controller/-/abort-controller-3.0.0.tgz#eaf54d53b62bae4138e809ca225c8439a6efb392"
    integrity sha512-h8lQ8tacZYnR3vNQTgibj+tODHI5/+l06Au2Pcriv/Gmet0eaj4TwWH41sO9wnHDiQsEj19q0drzdWdeAHtweg==
    dependencies:
      event-target-shim "^5.0.0"
  
  aes-js@^3.1.2:
    version "3.1.2"
    resolved "https://registry.yarnpkg.com/aes-js/-/aes-js-3.1.2.tgz#db9aabde85d5caabbfc0d4f2a4446960f627146a"
    integrity sha512-e5pEa2kBnBOgR4Y/p20pskXI74UEz7de8ZGVo58asOtvSVG5YAbJeELPZxOmt+Bnz3rX753YKhfIn4X4l1PPRQ==
  
  ajv@^6.5.4:
    version "6.12.6"
    resolved "https://registry.yarnpkg.com/ajv/-/ajv-6.12.6.tgz#baf5a62e802b07d977034586f8c3baf5adf26df4"
    integrity sha512-j3fVLgvTo527anyYyJOGTYJbG+vnnQYvE0m5mmkc1TK+nxAppkCLMIL0aZ4dblVCNoGShhm+kzE4ZUykBoMg4g==
    dependencies:
      fast-deep-equal "^3.1.1"
      fast-json-stable-stringify "^2.0.0"
      json-schema-traverse "^0.4.1"
      uri-js "^4.2.2"
  
  ansi-regex@^5.0.1:
    version "5.0.1"
    resolved "https://registry.yarnpkg.com/ansi-regex/-/ansi-regex-5.0.1.tgz#082cb2c89c9fe8659a311a53bd6a4dc5301db304"
    integrity sha512-quJQXlTSUGL2LH9SUXo8VwsY4soanhgo6LNSm84E1LBcE8s3O0wpdiRzyR9z/ZZJMlMWv37qOOb9pdJlMUEKFQ==
  
  ansi-styles@^3.2.1:
    version "3.2.1"
    resolved "https://registry.yarnpkg.com/ansi-styles/-/ansi-styles-3.2.1.tgz#41fbb20243e50b12be0f04b8dedbf07520ce841d"
    integrity sha512-VT0ZI6kZRdTh8YyJw3SMbYm/u+NqfsAxEpWO0Pf9sq8/e94WxxOpPKx9FR1FlyCtOVDNOQ+8ntlqFxiRc+r5qA==
    dependencies:
      color-convert "^1.9.0"
  
  ansi-styles@^4.1.0:
    version "4.3.0"
    resolved "https://registry.yarnpkg.com/ansi-styles/-/ansi-styles-4.3.0.tgz#edd803628ae71c04c85ae7a0906edad34b648937"
    integrity sha512-zbB9rCJAT1rbjiVDb2hqKFHNYLxgtk8NURxZ3IZwD3F6NtxbXZQCnnSi1Lkx+IDohdPlFp222wVALIheZJQSEg==
    dependencies:
      color-convert "^2.0.1"
  
  ansi-styles@^5.0.0:
    version "5.2.0"
    resolved "https://registry.yarnpkg.com/ansi-styles/-/ansi-styles-5.2.0.tgz#07449690ad45777d1924ac2abb2fc8895dba836b"
    integrity sha512-Cxwpt2SfTzTtXcfOlzGEee8O+c+MmUgGrNiBcXnuWxuFJHe6a5Hz7qwhwe5OgaSYI0IJvkLqWX1ASG+cJOkEiA==
  
  asn1@0.2.3:
    version "0.2.3"
    resolved "https://registry.yarnpkg.com/asn1/-/asn1-0.2.3.tgz#dac8787713c9966849fc8180777ebe9c1ddf3b86"
    integrity sha512-6i37w/+EhlWlGUJff3T/Q8u1RGmP5wgbiwYnOnbOqvtrPxT63/sYFyP9RcpxtxGymtfA075IvmOnL7ycNOWl3w==
  
  axios@^0.21.1:
    version "0.21.4"
    resolved "https://registry.yarnpkg.com/axios/-/axios-0.21.4.tgz#c67b90dc0568e5c1cf2b0b858c43ba28e2eda575"
    integrity sha512-ut5vewkiu8jjGBdqpM44XxjuCjq9LAKeHVmoVfHVzy8eHgxxq8SbAVQNovDA8mVi05kP0Ea/n/UzcSHcTJQfNg==
    dependencies:
      follow-redirects "^1.14.0"
  
  base64-js@^1.3.1:
    version "1.5.1"
    resolved "https://registry.yarnpkg.com/base64-js/-/base64-js-1.5.1.tgz#1b1b440160a5bf7ad40b650f095963481903930a"
    integrity sha512-AKpaYlHn8t4SVbOHCy+b5+KKgvR4vrsD8vbvrbiQJps7fKDTkjkDry6ji0rUJjC0kzbNePLwzxq8iypo41qeWA==
  
  braces@^3.0.2:
    version "3.0.2"
    resolved "https://registry.yarnpkg.com/braces/-/braces-3.0.2.tgz#3454e1a462ee8d599e236df336cd9ea4f8afe107"
    integrity sha512-b8um+L1RzM3WDSzvhm6gIz1yfTbBt6YTlcEKAvsmqCZZFw46z626lVj9j1yEPW33H5H+lBQpZMP1k8l+78Ha0A==
    dependencies:
      fill-range "^7.0.1"
  
  buffer-equal-constant-time@1.0.1:
    version "1.0.1"
    resolved "https://registry.yarnpkg.com/buffer-equal-constant-time/-/buffer-equal-constant-time-1.0.1.tgz#f8e71132f7ffe6e01a5c9697a4c6f3e48d5cc819"
    integrity sha512-zRpUiDwd/xk6ADqPMATG8vc9VPrkck7T07OIx0gnjmJAnHnTVXNQG3vfvWNuiZIkwu9KrKdA1iJKfsfTVxE6NA==
  
  buffer-equal@^1.0.0:
    version "1.0.1"
    resolved "https://registry.yarnpkg.com/buffer-equal/-/buffer-equal-1.0.1.tgz#2f7651be5b1b3f057fcd6e7ee16cf34767077d90"
    integrity sha512-QoV3ptgEaQpvVwbXdSO39iqPQTCxSF7A5U99AxbHYqUdCizL/lH2Z0A2y6nbZucxMEOtNyZfG2s6gsVugGpKkg==
  
  buffer@^6.0.3:
    version "6.0.3"
    resolved "https://registry.yarnpkg.com/buffer/-/buffer-6.0.3.tgz#2ace578459cc8fbe2a70aaa8f52ee63b6a74c6c6"
    integrity sha512-FTiCpNxtwiZZHEZbcbTIcZjERVICn9yq/pDFkTl95/AxzD1naBctN7YO68riM/gLSDY7sdrMby8hofADYuuqOA==
    dependencies:
      base64-js "^1.3.1"
      ieee754 "^1.2.1"
  
  chalk@^2.0.0:
    version "2.4.2"
    resolved "https://registry.yarnpkg.com/chalk/-/chalk-2.4.2.tgz#cd42541677a54333cf541a49108c1432b44c9424"
    integrity sha512-Mti+f9lpJNcwF4tWV8/OrTTtF1gZi+f8FqlyAdouralcFWFQWF2+NgCHShjkCb+IFBLq9buZwE1xckQU4peSuQ==
    dependencies:
      ansi-styles "^3.2.1"
      escape-string-regexp "^1.0.5"
      supports-color "^5.3.0"
  
  chalk@^4.0.0:
    version "4.1.2"
    resolved "https://registry.yarnpkg.com/chalk/-/chalk-4.1.2.tgz#aac4e2b7734a740867aeb16bf02aad556a1e7a01"
    integrity sha512-oKnbhFyRIXpUuez8iBMmyEa4nbj4IOQyuhc/wy9kY7/WVPcwIO9VA668Pu8RkO7+0G76SLROeyw9CpQ061i4mA==
    dependencies:
      ansi-styles "^4.1.0"
      supports-color "^7.1.0"
  
  color-convert@^1.9.0:
    version "1.9.3"
    resolved "https://registry.yarnpkg.com/color-convert/-/color-convert-1.9.3.tgz#bb71850690e1f136567de629d2d5471deda4c1e8"
    integrity sha512-QfAUtd+vFdAtFQcC8CCyYt1fYWxSqAiK2cSD6zDB8N3cpsEBAvRxp9zOGg6G/SHHJYAT88/az/IuDGALsNVbGg==
    dependencies:
      color-name "1.1.3"
  
  color-convert@^2.0.1:
    version "2.0.1"
    resolved "https://registry.yarnpkg.com/color-convert/-/color-convert-2.0.1.tgz#72d3a68d598c9bdb3af2ad1e84f21d896abd4de3"
    integrity sha512-RRECPsj7iu/xb5oKYcsFHSppFNnsj/52OVTRKb4zP5onXwVF3zVmmToNcOfGC+CRDpfK/U584fMg38ZHCaElKQ==
    dependencies:
      color-name "~1.1.4"
  
  color-name@1.1.3:
    version "1.1.3"
    resolved "https://registry.yarnpkg.com/color-name/-/color-name-1.1.3.tgz#a7d0558bd89c42f795dd42328f740831ca53bc25"
    integrity sha512-72fSenhMw2HZMTVHeCA9KCmpEIbzWiQsjN+BHcBbS9vr1mtt+vJjPdksIBNUmKAW8TFUDPJK5SUU3QhE9NEXDw==
  
  color-name@~1.1.4:
    version "1.1.4"
    resolved "https://registry.yarnpkg.com/color-name/-/color-name-1.1.4.tgz#c2a09a87acbde69543de6f63fa3995c826c536a2"
    integrity sha512-dOy+3AuW3a2wNbZHIuMZpTcgjGuLU/uBL/ubcZF9OXbDo8ff4O8yVp5Bf0efS8uEoYo5q4Fx7dY9OgQGXgAsQA==
  
  commander@^2.19.0:
    version "2.20.3"
    resolved "https://registry.yarnpkg.com/commander/-/commander-2.20.3.tgz#fd485e84c03eb4881c20722ba48035e8531aeb33"
    integrity sha512-GpVkmM8vF2vQUkj2LvZmD35JxeJOLCwJ9cUkugyk2nuhbv3+mJvpLYYt+0+USMxE+oj+ey/lJEnhZw75x/OMcQ==
  
  debug@^4.3.2, debug@^4.3.3:
    version "4.3.4"
    resolved "https://registry.yarnpkg.com/debug/-/debug-4.3.4.tgz#1319f6579357f2338d3337d2cdd4914bb5dcc865"
    integrity sha512-PRWFHuSU3eDtQJPvnNY7Jcket1j0t5OuOsFzPPzsekD52Zl8qUfFIPEiswXqIvHWGVHOgX+7G/vCNNhehwxfkQ==
    dependencies:
      ms "2.1.2"
  
  diff-sequences@^27.5.1:
    version "27.5.1"
    resolved "https://registry.yarnpkg.com/diff-sequences/-/diff-sequences-27.5.1.tgz#eaecc0d327fd68c8d9672a1e64ab8dccb2ef5327"
    integrity sha512-k1gCAXAsNgLwEL+Y8Wvl+M6oEFj5bgazfZULpS5CneoPPXRaCCW7dm+q21Ky2VEE5X+VeRDBVg1Pcvvsr4TtNQ==
  
  discontinuous-range@1.0.0:
    version "1.0.0"
    resolved "https://registry.yarnpkg.com/discontinuous-range/-/discontinuous-range-1.0.0.tgz#e38331f0844bba49b9a9cb71c771585aab1bc65a"
    integrity sha512-c68LpLbO+7kP/b1Hr1qs8/BJ09F5khZGTxqxZuhzxpmwJKOgRFHJWIb9/KmqnqHhLdO55aOxFH/EGBvUQbL/RQ==
  
  ecdsa-sig-formatter@1.0.11:
    version "1.0.11"
    resolved "https://registry.yarnpkg.com/ecdsa-sig-formatter/-/ecdsa-sig-formatter-1.0.11.tgz#ae0f0fa2d85045ef14a817daa3ce9acd0489e5bf"
    integrity sha512-nagl3RYrbNv6kQkeJIpt6NJZy8twLB/2vtz6yN9Z4vRKHN4/QZJIEbqohALSgwKdnksuY3k5Addp5lg8sVoVcQ==
    dependencies:
      safe-buffer "^5.0.1"
  
  endian-toggle@^0.0.0:
    version "0.0.0"
    resolved "https://registry.yarnpkg.com/endian-toggle/-/endian-toggle-0.0.0.tgz#e5cc7578b1032d6ee01eafcd73765db0db4dc0a6"
    integrity sha512-ShfqhXeHRE4TmggSlHXG8CMGIcsOsqDw/GcoPcosToE59Rm9e4aXaMhEQf2kPBsBRrKem1bbOAv5gOKnkliMFQ==
  
  escape-string-regexp@^1.0.5:
    version "1.0.5"
    resolved "https://registry.yarnpkg.com/escape-string-regexp/-/escape-string-regexp-1.0.5.tgz#1b61c0562190a8dff6ae3bb2cf0200ca130b86d4"
    integrity sha512-vbRorB5FUQWvla16U8R/qgaFIya2qGzwDrNmCZuYKrbdSUMG6I1ZCGQRefkRVhuOkIGVne7BQ35DSfo1qvJqFg==
  
  escape-string-regexp@^2.0.0:
    version "2.0.0"
    resolved "https://registry.yarnpkg.com/escape-string-regexp/-/escape-string-regexp-2.0.0.tgz#a30304e99daa32e23b2fd20f51babd07cffca344"
    integrity sha512-UpzcLCXolUWcNu5HtVMHYdXJjArjsF9C0aNnquZYY4uW/Vu0miy5YoWvbV345HauVvcAUnpRuhMMcqTcGOY2+w==
  
  event-target-shim@^5.0.0:
    version "5.0.1"
    resolved "https://registry.yarnpkg.com/event-target-shim/-/event-target-shim-5.0.1.tgz#5d4d3ebdf9583d63a5333ce2deb7480ab2b05789"
    integrity sha512-i/2XbnSz/uxRCU6+NdVJgKWDTM427+MqYbkQzD321DuCQJUqOuJKIA0IM2+W2xtYHdKOmZ4dR6fExsd4SXL+WQ==
  
  events@^3.3.0:
    version "3.3.0"
    resolved "https://registry.yarnpkg.com/events/-/events-3.3.0.tgz#31a95ad0a924e2d2c419a813aeb2c4e878ea7400"
    integrity sha512-mQw+2fkQbALzQ7V0MY0IqdnXNOeTtP4r0lN9z7AAawCXgqea7bDii20AYrIBrFd/Hx0M2Ocz6S111CaFkUcb0Q==
  
  expect@^27.5.1:
    version "27.5.1"
    resolved "https://registry.yarnpkg.com/expect/-/expect-27.5.1.tgz#83ce59f1e5bdf5f9d2b94b61d2050db48f3fef74"
    integrity sha512-E1q5hSUG2AmYQwQJ041nvgpkODHQvB+RKlB4IYdru6uJsyFTRyZAP463M+1lINorwbqAmUggi6+WwkD8lCS/Dw==
    dependencies:
      "@jest/types" "^27.5.1"
      jest-get-type "^27.5.1"
      jest-matcher-utils "^27.5.1"
      jest-message-util "^27.5.1"
  
  fast-deep-equal@^3.1.1:
    version "3.1.3"
    resolved "https://registry.yarnpkg.com/fast-deep-equal/-/fast-deep-equal-3.1.3.tgz#3a7d56b559d6cbc3eb512325244e619a65c6c525"
    integrity sha512-f3qQ9oQy9j2AhBe/H9VC91wLmKBCCU/gDOnKNAYG5hswO7BLKj09Hc5HYNz9cGI++xlpDCIgDaitVs03ATR84Q==
  
  fast-json-stable-stringify@^2.0.0:
    version "2.1.0"
    resolved "https://registry.yarnpkg.com/fast-json-stable-stringify/-/fast-json-stable-stringify-2.1.0.tgz#874bf69c6f404c2b5d99c481341399fd55892633"
    integrity sha512-lhd/wF+Lk98HZoTCtlVraHtfh5XYijIjalXck7saUtuanSDyLMxnHhSXEDJqHxD7msR8D0uCmqlkwjCV8xvwHw==
  
  fill-range@^7.0.1:
    version "7.0.1"
    resolved "https://registry.yarnpkg.com/fill-range/-/fill-range-7.0.1.tgz#1919a6a7c75fe38b2c7c77e5198535da9acdda40"
    integrity sha512-qOo9F+dMUmC2Lcb4BbVvnKJxTPjCm+RRpe4gDuGrzkL7mEVl/djYSu2OdQ2Pa302N4oqkSg9ir6jaLWJ2USVpQ==
    dependencies:
      to-regex-range "^5.0.1"
  
  follow-redirects@^1.14.0:
    version "1.15.2"
    resolved "https://registry.yarnpkg.com/follow-redirects/-/follow-redirects-1.15.2.tgz#b460864144ba63f2681096f274c4e57026da2c13"
    integrity sha512-VQLG33o04KaQ8uYi2tVNbdrWp1QWxNNea+nmIB4EVM28v0hmP17z7aG1+wAkNzVq4KeXTq3221ye5qTJP91JwA==
  
  graceful-fs@^4.2.9:
    version "4.2.10"
    resolved "https://registry.yarnpkg.com/graceful-fs/-/graceful-fs-4.2.10.tgz#147d3a006da4ca3ce14728c7aefc287c367d7a6c"
    integrity sha512-9ByhssR2fPVsNZj478qUUbKfmL0+t5BDVyjShtyZZLiK7ZDAArFFfopyOTj0M05wE2tJPisA4iTnnXl2YoPvOA==
  
  has-flag@^3.0.0:
    version "3.0.0"
    resolved "https://registry.yarnpkg.com/has-flag/-/has-flag-3.0.0.tgz#b5d454dc2199ae225699f3467e5a07f3b955bafd"
    integrity sha512-sKJf1+ceQBr4SMkvQnBDNDtf4TXpVhVGateu0t918bl30FnbE2m4vNLX+VWe/dpjlb+HugGYzW7uQXH98HPEYw==
  
  has-flag@^4.0.0:
    version "4.0.0"
    resolved "https://registry.yarnpkg.com/has-flag/-/has-flag-4.0.0.tgz#944771fd9c81c81265c4d6941860da06bb59479b"
    integrity sha512-EykJT/Q1KjTWctppgIAgfSO0tKVuZUjhgMr17kqTumMl6Afv3EISleU7qZUzoXDFTAHTDC4NOoG/ZxU3EvlMPQ==
  
  ieee754@^1.2.1:
    version "1.2.1"
    resolved "https://registry.yarnpkg.com/ieee754/-/ieee754-1.2.1.tgz#8eb7a10a63fff25d15a57b001586d177d1b0d352"
    integrity sha512-dcyqhDvX1C46lXZcVqCpK+FtMRQVdIMN6/Df5js2zouUsqG7I6sFxitIC+7KYK29KdXOLHdu9zL4sFnoVQnqaA==
  
  inherits@^2.0.3:
    version "2.0.4"
    resolved "https://registry.yarnpkg.com/inherits/-/inherits-2.0.4.tgz#0fa2c64f932917c3433a0ded55363aae37416b7c"
    integrity sha512-k/vGaX4/Yla3WzyMCvTQOXYeIHvqOKtnqBduzTHpzpQZzAskKMhZ2K+EnBiSM9zGSoIFeMpXKxa4dYeZIQqewQ==
  
  is-number@^7.0.0:
    version "7.0.0"
    resolved "https://registry.yarnpkg.com/is-number/-/is-number-7.0.0.tgz#7535345b896734d5f80c4d06c50955527a14f12b"
    integrity sha512-41Cifkg6e8TylSpdtTpeLVMqvSBEVzTttHvERD741+pnZ8ANv0004MRL43QKPDlK9cGvNp6NZWZUBlbGXYxxng==
  
  jest-diff@^27.5.1:
    version "27.5.1"
    resolved "https://registry.yarnpkg.com/jest-diff/-/jest-diff-27.5.1.tgz#a07f5011ac9e6643cf8a95a462b7b1ecf6680def"
    integrity sha512-m0NvkX55LDt9T4mctTEgnZk3fmEg3NRYutvMPWM/0iPnkFj2wIeF45O1718cMSOFO1vINkqmxqD8vE37uTEbqw==
    dependencies:
      chalk "^4.0.0"
      diff-sequences "^27.5.1"
      jest-get-type "^27.5.1"
      pretty-format "^27.5.1"
  
  jest-get-type@^27.5.1:
    version "27.5.1"
    resolved "https://registry.yarnpkg.com/jest-get-type/-/jest-get-type-27.5.1.tgz#3cd613c507b0f7ace013df407a1c1cd578bcb4f1"
    integrity sha512-2KY95ksYSaK7DMBWQn6dQz3kqAf3BB64y2udeG+hv4KfSOb9qwcYQstTJc1KCbsix+wLZWZYN8t7nwX3GOBLRw==
  
  jest-matcher-utils@^27.5.1:
    version "27.5.1"
    resolved "https://registry.yarnpkg.com/jest-matcher-utils/-/jest-matcher-utils-27.5.1.tgz#9c0cdbda8245bc22d2331729d1091308b40cf8ab"
    integrity sha512-z2uTx/T6LBaCoNWNFWwChLBKYxTMcGBRjAt+2SbP929/Fflb9aa5LGma654Rz8z9HLxsrUaYzxE9T/EFIL/PAw==
    dependencies:
      chalk "^4.0.0"
      jest-diff "^27.5.1"
      jest-get-type "^27.5.1"
      pretty-format "^27.5.1"
  
  jest-message-util@^27.5.1:
    version "27.5.1"
    resolved "https://registry.yarnpkg.com/jest-message-util/-/jest-message-util-27.5.1.tgz#bdda72806da10d9ed6425e12afff38cd1458b6cf"
    integrity sha512-rMyFe1+jnyAAf+NHwTclDz0eAaLkVDdKVHHBFWsBWHnnh5YeJMNWWsv7AbFYXfK3oTqvL7VTWkhNLu1jX24D+g==
    dependencies:
      "@babel/code-frame" "^7.12.13"
      "@jest/types" "^27.5.1"
      "@types/stack-utils" "^2.0.0"
      chalk "^4.0.0"
      graceful-fs "^4.2.9"
      micromatch "^4.0.4"
      pretty-format "^27.5.1"
      slash "^3.0.0"
      stack-utils "^2.0.3"
  
  jose@^4.1.4:
    version "4.11.2"
    resolved "https://registry.yarnpkg.com/jose/-/jose-4.11.2.tgz#d9699307c02e18ff56825843ba90e2fae9f09e23"
    integrity sha512-njj0VL2TsIxCtgzhO+9RRobBvws4oYyCM8TpvoUQwl/MbIM3NFJRR9+e6x0sS5xXaP1t6OCBkaBME98OV9zU5A==
  
  js-tokens@^4.0.0:
    version "4.0.0"
    resolved "https://registry.yarnpkg.com/js-tokens/-/js-tokens-4.0.0.tgz#19203fb59991df98e3a287050d4647cdeaf32499"
    integrity sha512-RdJUflcE3cUzKiMqQgsCu06FPu9UdIJO0beYbPhHN4k6apgJtifcoCtT9bcxOpYBtpD2kCM6Sbzg4CausW/PKQ==
  
  json-schema-traverse@^0.4.1:
    version "0.4.1"
    resolved "https://registry.yarnpkg.com/json-schema-traverse/-/json-schema-traverse-0.4.1.tgz#69f6a87d9513ab8bb8fe63bdb0979c448e684660"
    integrity sha512-xbbCH5dCYU5T8LcEhhuh7HJ88HXuW3qsI3Y0zOZFKfZEHcpWiHU/Jxzk629Brsab/mMiHQti9wMP+845RPe3Vg==
  
  jsonwebtoken@^9.0.0:
    version "9.0.0"
    resolved "https://registry.yarnpkg.com/jsonwebtoken/-/jsonwebtoken-9.0.0.tgz#d0faf9ba1cc3a56255fe49c0961a67e520c1926d"
    integrity sha512-tuGfYXxkQGDPnLJ7SibiQgVgeDgfbPq2k2ICcbgqW8WxWLBAxKQM/ZCu/IT8SOSwmaYl4dpTFCW5xZv7YbbWUw==
    dependencies:
      jws "^3.2.2"
      lodash "^4.17.21"
      ms "^2.1.1"
      semver "^7.3.8"
  
  jwa@^1.4.1:
    version "1.4.1"
    resolved "https://registry.yarnpkg.com/jwa/-/jwa-1.4.1.tgz#743c32985cb9e98655530d53641b66c8645b039a"
    integrity sha512-qiLX/xhEEFKUAJ6FiBMbes3w9ATzyk5W7Hvzpa/SLYdxNtng+gcurvrI7TbACjIXlsJyr05/S1oUhZrc63evQA==
    dependencies:
      buffer-equal-constant-time "1.0.1"
      ecdsa-sig-formatter "1.0.11"
      safe-buffer "^5.0.1"
  
  jws@^3.2.2:
    version "3.2.2"
    resolved "https://registry.yarnpkg.com/jws/-/jws-3.2.2.tgz#001099f3639468c9414000e99995fa52fb478304"
    integrity sha512-YHlZCB6lMTllWDtSPHz/ZXTsi8S00usEV6v1tjq8tOUZzw7DpSDWVXjXDre6ed1w/pd495ODpHZYSdkRTsa0HA==
    dependencies:
      jwa "^1.4.1"
      safe-buffer "^5.0.1"
  
  lodash.get@^4.1.2, lodash.get@^4.4.2:
    version "4.4.2"
    resolved "https://registry.yarnpkg.com/lodash.get/-/lodash.get-4.4.2.tgz#2d177f652fa31e939b4438d5341499dfa3825e99"
    integrity sha512-z+Uw/vLuy6gQe8cfaFWD7p0wVv8fJl3mbzXh33RS+0oW2wvUqiRXiQ69gLWSLpgB5/6sU+r6BlQR0MBILadqTQ==
  
  lodash.merge@^4.3.0:
    version "4.6.2"
    resolved "https://registry.yarnpkg.com/lodash.merge/-/lodash.merge-4.6.2.tgz#558aa53b43b661e1925a0afdfa36a9a1085fe57a"
    integrity sha512-0KpjqXRVvrYyCsX1swR/XTK0va6VQkQM6MNo7PqW77ByjAhoARA8EfrP1N4+KlKj8YS0ZUCtRT/YUuhyYDujIQ==
  
  lodash.reduce@^4.6.0:
    version "4.6.0"
    resolved "https://registry.yarnpkg.com/lodash.reduce/-/lodash.reduce-4.6.0.tgz#f1ab6b839299ad48f784abbf476596f03b914d3b"
    integrity sha512-6raRe2vxCYBhpBu+B+TtNGUzah+hQjVdu3E17wfusjyrXBka2nBS8OH/gjVZ5PvHOhWmIZTYri09Z6n/QfnNMw==
  
  lodash@^4.17.21:
    version "4.17.21"
    resolved "https://registry.yarnpkg.com/lodash/-/lodash-4.17.21.tgz#679591c564c3bffaae8454cf0b3df370c3d6911c"
    integrity sha512-v2kDEe57lecTulaDIuNTPy3Ry4gLGJ6Z1O3vE1krgXZNrsQ+LFTGHVxVjcXPs17LhbZVGedAJv8XZ1tvj5FvSg==
  
  lru-cache@^6.0.0:
    version "6.0.0"
    resolved "https://registry.yarnpkg.com/lru-cache/-/lru-cache-6.0.0.tgz#6d6fe6570ebd96aaf90fcad1dafa3b2566db3a94"
    integrity sha512-Jo6dJ04CmSjuznwJSS3pUeWmd/H0ffTlkXXgwZi+eq1UCmqQwCh+eLsYOYCwY991i2Fah4h1BEMCx4qThGbsiA==
    dependencies:
      yallist "^4.0.0"
  
  macaddress@^0.5.1:
    version "0.5.3"
    resolved "https://registry.yarnpkg.com/macaddress/-/macaddress-0.5.3.tgz#2b9d6832be934cb775749f30f57d6537184a2bda"
    integrity sha512-vGBKTA+jwM4KgjGZ+S/8/Mkj9rWzePyGY6jManXPGhiWu63RYwW8dKPyk5koP+8qNVhPhHgFa1y/MJ4wrjsNrg==
  
  micromatch@^4.0.4:
    version "4.0.5"
    resolved "https://registry.yarnpkg.com/micromatch/-/micromatch-4.0.5.tgz#bc8999a7cbbf77cdc89f132f6e467051b49090c6"
    integrity sha512-DMy+ERcEW2q8Z2Po+WNXuw3c5YaUSFjAO5GsJqfEl7UjvtIuFKO6ZrKvcItdy98dwFI2N1tg3zNIdKaQT+aNdA==
    dependencies:
      braces "^3.0.2"
      picomatch "^2.3.1"
  
  minecraft-data@^2.113.0:
    version "2.221.0"
    resolved "https://registry.yarnpkg.com/minecraft-data/-/minecraft-data-2.221.0.tgz#b6a6629c9c33bc640e540de3ebe94a96d0e8b0bc"
    integrity sha512-0AhqzbIKb6WqPSF6qBevaPryeWOz545hLxt6q+gfJF8YIQX/YfkyX/nXWhl+pSIS2rTBcQ0RJkRCtTeRzQwHDA==
  
  minecraft-data@^3.0.0, minecraft-data@^3.15.2, minecraft-data@^3.21.0, minecraft-data@^3.5.1:
    version "3.21.0"
    resolved "https://registry.yarnpkg.com/minecraft-data/-/minecraft-data-3.21.0.tgz#d1cd46deb44b16686897a1fc4734dc3665e144cd"
    integrity sha512-urG3YD07AQIM5KR37Avpp7HCLWfv6XauiSTmUP1KN8/b71x4GzepezByLG3f65GGjsiR/bNCfpRNfqMvb9m2gQ==
  
  minecraft-folder-path@^1.2.0:
    version "1.2.0"
    resolved "https://registry.yarnpkg.com/minecraft-folder-path/-/minecraft-folder-path-1.2.0.tgz#08ea450bfb20dbb02cf6e1470864e2f0d652e477"
    integrity sha512-qaUSbKWoOsH9brn0JQuBhxNAzTDMwrOXorwuRxdJKKKDYvZhtml+6GVCUrY5HRiEsieBEjCUnhVpDuQiKsiFaw==
  
  minecraft-protocol@^1.36.0:
    version "1.37.0"
    resolved "https://registry.yarnpkg.com/minecraft-protocol/-/minecraft-protocol-1.37.0.tgz#a9859e3b55af31543334c75c4abc537008bb4d28"
    integrity sha512-1Kg+dMZolPt9Ae4Qfah9Q6MQ8TRPQCZWe2ft1tZ0qmphjRWYWFrfqL/K4Ag0tZmALHbiAkFuj7w+NC3MoDUKig==
    dependencies:
      "@types/readable-stream" "^2.3.13"
      aes-js "^3.1.2"
      buffer-equal "^1.0.0"
      debug "^4.3.2"
      endian-toggle "^0.0.0"
      lodash.get "^4.1.2"
      lodash.merge "^4.3.0"
      minecraft-data "^3.21.0"
      minecraft-folder-path "^1.2.0"
      node-fetch "^2.6.1"
      node-rsa "^0.4.2"
      prismarine-auth "^2.2.0"
      prismarine-nbt "^2.0.0"
      protodef "^1.8.0"
      readable-stream "^4.1.0"
      uuid-1345 "^1.0.1"
      yggdrasil "^1.4.0"
  
  mineflayer-pathfinder@^2.3.3:
    version "2.4.2"
    resolved "https://registry.yarnpkg.com/mineflayer-pathfinder/-/mineflayer-pathfinder-2.4.2.tgz#d76d356568d242627115594b4a28e0b5dad6113e"
    integrity sha512-Aoy4l5/QNtIggozL1/q1/vZUjckAtsOumcyNjAQd/Ea5hRgoW+Rr2yedrL6noUHfP50Gjo7Ms2nLuzEJL16GRA==
    dependencies:
      minecraft-data "^3.5.1"
      prismarine-block "^1.16.3"
      prismarine-entity "^2.1.1"
      prismarine-item "^1.11.5"
      prismarine-nbt "^2.2.1"
      prismarine-physics "^1.5.2"
      vec3 "^0.1.7"
  
  mineflayer@^4.0.0, mineflayer@^4.6.0:
    version "4.6.0"
    resolved "https://registry.yarnpkg.com/mineflayer/-/mineflayer-4.6.0.tgz#c9ef2c5e579fc1dcd1e1c1c4b30e44c8b9f4ddbe"
    integrity sha512-/07dw9Qquu7CYMDqKW+gUVZo1XYtkfUbQ7XtmIVNF3/rMGgvcs6UYt/kLWvYpom6GVL8Bie4ZhdNUJNLaZaAQw==
    dependencies:
      minecraft-data "^3.15.2"
      minecraft-protocol "^1.36.0"
      prismarine-biome "^1.1.1"
      prismarine-block "^1.13.1"
      prismarine-chat "^1.7.1"
      prismarine-chunk "^1.32.0"
      prismarine-entity "^2.2.0"
      prismarine-item "^1.12.1"
      prismarine-nbt "^2.0.0"
      prismarine-physics "^1.3.1"
      prismarine-recipe "^1.3.0"
      prismarine-registry "^1.5.0"
      prismarine-windows "^2.5.0"
      prismarine-world "^3.6.0"
      protodef "^1.14.0"
      typed-emitter "^1.0.0"
      vec3 "^0.1.7"
  
  mojangson@^2.0.1:
    version "2.0.2"
    resolved "https://registry.yarnpkg.com/mojangson/-/mojangson-2.0.2.tgz#5f3cd809f65fbc2191215d700bc6ae6fc06b36fd"
    integrity sha512-iGPRE1Ez+W+42Dt4Ao91c9VVs+FmuRUlAFDef76xRX3mbZrTNuezDtFI0PbfYqheg/B0fSiq0Q0V1emZNt37cw==
    dependencies:
      nearley "^2.19.5"
  
  moo@^0.5.0:
    version "0.5.2"
    resolved "https://registry.yarnpkg.com/moo/-/moo-0.5.2.tgz#f9fe82473bc7c184b0d32e2215d3f6e67278733c"
    integrity sha512-iSAJLHYKnX41mKcJKjqvnAN9sf0LMDTXDEvFv+ffuRR9a1MIuXLjMNL6EsnDHSkKLTWNqQQ5uo61P4EbU4NU+Q==
  
  ms@2.1.2:
    version "2.1.2"
    resolved "https://registry.yarnpkg.com/ms/-/ms-2.1.2.tgz#d09d1f357b443f493382a8eb3ccd183872ae6009"
    integrity sha512-sGkPx+VjMtmA6MX27oA4FBFELFCZZ4S4XqeGOXCv68tT+jb3vk/RyaKWP0PTKyWtmLSM0b+adUTEvbs1PEaH2w==
  
  ms@^2.1.1:
    version "2.1.3"
    resolved "https://registry.yarnpkg.com/ms/-/ms-2.1.3.tgz#574c8138ce1d2b5861f0b44579dbadd60c6615b2"
    integrity sha512-6FlzubTLZG3J2a/NVCAleEhjzq5oxgHyaCU9yYXvcLsvoVaHJq/s5xXI6/XXP6tz7R9xAOtHnSO/tXtF3WRTlA==
  
  nearley@^2.19.5:
    version "2.20.1"
    resolved "https://registry.yarnpkg.com/nearley/-/nearley-2.20.1.tgz#246cd33eff0d012faf197ff6774d7ac78acdd474"
    integrity sha512-+Mc8UaAebFzgV+KpI5n7DasuuQCHA89dmwm7JXw3TV43ukfNQ9DnBH3Mdb2g/I4Fdxc26pwimBWvjIw0UAILSQ==
    dependencies:
      commander "^2.19.0"
      moo "^0.5.0"
      railroad-diagrams "^1.0.0"
      randexp "0.4.6"
  
  node-fetch@^2.6.1:
    version "2.6.8"
    resolved "https://registry.yarnpkg.com/node-fetch/-/node-fetch-2.6.8.tgz#a68d30b162bc1d8fd71a367e81b997e1f4d4937e"
    integrity sha512-RZ6dBYuj8dRSfxpUSu+NsdF1dpPpluJxwOp+6IoDp/sH2QNDSvurYsAa+F1WxY2RjA1iP93xhcsUoYbF2XBqVg==
    dependencies:
      whatwg-url "^5.0.0"
  
  node-rsa@^0.4.2:
    version "0.4.2"
    resolved "https://registry.yarnpkg.com/node-rsa/-/node-rsa-0.4.2.tgz#d6391729ec16a830ed5a38042b3157d2d5d72530"
    integrity sha512-Bvso6Zi9LY4otIZefYrscsUpo2mUpiAVIEmSZV2q41sP8tHZoert3Yu6zv4f/RXJqMNZQKCtnhDugIuCma23YA==
    dependencies:
      asn1 "0.2.3"
  
  picomatch@^2.3.1:
    version "2.3.1"
    resolved "https://registry.yarnpkg.com/picomatch/-/picomatch-2.3.1.tgz#3ba3833733646d9d3e4995946c1365a67fb07a42"
    integrity sha512-JU3teHTNjmE2VCGFzuY8EXzCDVwEqB2a8fsIvwaStHhAWJEeVd1o1QD80CU6+ZdEXXSLbSsuLwJjkCBWqRQUVA==
  
  pretty-format@^27.5.1:
    version "27.5.1"
    resolved "https://registry.yarnpkg.com/pretty-format/-/pretty-format-27.5.1.tgz#2181879fdea51a7a5851fb39d920faa63f01d88e"
    integrity sha512-Qb1gy5OrP5+zDf2Bvnzdl3jsTf1qXVMazbvCoKhtKqVs4/YK4ozX4gKQJJVyNe+cajNPn0KoC0MC3FUmaHWEmQ==
    dependencies:
      ansi-regex "^5.0.1"
      ansi-styles "^5.0.0"
      react-is "^17.0.1"
  
  prismarine-auth@^2.2.0:
    version "2.2.0"
    resolved "https://registry.yarnpkg.com/prismarine-auth/-/prismarine-auth-2.2.0.tgz#4136a146a0b5553a0dd8ac3926765d22b8fa91b6"
    integrity sha512-3XfR3bqrd7nrTVyEqMwuYRr+/Vy+hkfBplubSDuoRAcRCs90lDx7R4EG3fjMSoKY53RLTXjeFnsB6m1krhL/2A==
    dependencies:
      "@azure/msal-node" "^1.1.0"
      "@xboxreplay/xboxlive-auth" "^3.3.3"
      debug "^4.3.3"
      jose "^4.1.4"
      node-fetch "^2.6.1"
      smart-buffer "^4.1.0"
      uuid-1345 "^1.0.2"
  
  prismarine-biome@^1.1.0, prismarine-biome@^1.1.1, prismarine-biome@^1.2.0:
    version "1.3.0"
    resolved "https://registry.yarnpkg.com/prismarine-biome/-/prismarine-biome-1.3.0.tgz#53b122fc7c3968f43f1639e823e7bd1b829fab46"
    integrity sha512-GY6nZxq93mTErT7jD7jt8YS1aPrOakbJHh39seYsJFXvueIOdHAmW16kYQVrTVMW5MlWLQVxV/EquRwOgr4MnQ==
  
  prismarine-block@^1.13.1, prismarine-block@^1.14.1, prismarine-block@^1.16.3:
    version "1.16.3"
    resolved "https://registry.yarnpkg.com/prismarine-block/-/prismarine-block-1.16.3.tgz#465b6b0154be16f8d7b5dc892f4a4153f073d542"
    integrity sha512-E9OazjIqnEgcXM6me6EIeQFMcNRWZzsaftWtetRSIKVoW+4UKWleb6lTNKh9kq7wNxciKavcYBmKL3sF7HfSaA==
    dependencies:
      minecraft-data "^3.0.0"
      prismarine-biome "^1.1.0"
      prismarine-chat "^1.5.0"
      prismarine-item "^1.10.1"
      prismarine-nbt "^2.0.0"
      prismarine-registry "^1.1.0"
  
  prismarine-chat@^1.4.1, prismarine-chat@^1.5.0, prismarine-chat@^1.7.1:
    version "1.7.2"
    resolved "https://registry.yarnpkg.com/prismarine-chat/-/prismarine-chat-1.7.2.tgz#f672ed49ac50caedd38e95702896cff9f6445c10"
    integrity sha512-+m03T/MFhsXyLF2lH+MF5BPjqDvpeyX/T6v7l6rncVLahMVq/0knr7FPyrYHHzqIpSW8tx4iwhdfDcmwzMVBEQ==
    dependencies:
      mojangson "^2.0.1"
      prismarine-item "^1.10.0"
      prismarine-nbt "^2.0.0"
      prismarine-registry "^1.4.0"
      sprintf-js "^1.1.2"
  
  prismarine-chunk@^1.32.0:
    version "1.32.0"
    resolved "https://registry.yarnpkg.com/prismarine-chunk/-/prismarine-chunk-1.32.0.tgz#ec72b3f40e40e6950d4d1a3f4f69a37923173e02"
    integrity sha512-2Abh7M93BPbqRZEclmjIHC2RcETWN2/0zYsbPc5SgWXqe7u34kQaB2lv3YUS1xZ3vg9kdtR8mzElk8i84eX7PA==
    dependencies:
      minecraft-data "^3.0.0"
      prismarine-biome "^1.2.0"
      prismarine-block "^1.14.1"
      prismarine-registry "^1.1.0"
      smart-buffer "^4.1.0"
      uint4 "^0.1.2"
      vec3 "^0.1.3"
      xxhash-wasm "^0.4.2"
  
  prismarine-entity@^2.0.0, prismarine-entity@^2.1.1, prismarine-entity@^2.2.0:
    version "2.2.0"
    resolved "https://registry.yarnpkg.com/prismarine-entity/-/prismarine-entity-2.2.0.tgz#87dd40954964e1ca9c000950963cb7dfbb49759b"
    integrity sha512-boqJbMpGHG2ddFUUo9aKkKPUHQbFMWkUCw8SRdZ+jrZxABsstL9619I8ujwPYoOMJjMyfYWgdEPNyHGiUqqukA==
    dependencies:
      minecraft-data "^3.0.0"
      prismarine-chat "^1.4.1"
      prismarine-item "^1.11.2"
      prismarine-registry "^1.4.0"
      vec3 "^0.1.4"
  
  prismarine-item@^1.10.0, prismarine-item@^1.10.1, prismarine-item@^1.11.1, prismarine-item@^1.11.2, prismarine-item@^1.11.5, prismarine-item@^1.12.1, prismarine-item@^1.5.0:
    version "1.12.1"
    resolved "https://registry.yarnpkg.com/prismarine-item/-/prismarine-item-1.12.1.tgz#08435455f5535f359d6d0e0b34a467a193ab8ff4"
    integrity sha512-Q+cV8WCM6gTO/K8gIpe4sTCVj0wdXy/IIctpQhgj4iRPoRY/rLCI88FAGsLNU1cabOFQDO3a0NIz+KLvhOvbQA==
    dependencies:
      prismarine-nbt "^2.0.0"
      prismarine-registry "^1.4.0"
  
  prismarine-nbt@^2.0.0, prismarine-nbt@^2.2.1:
    version "2.2.1"
    resolved "https://registry.yarnpkg.com/prismarine-nbt/-/prismarine-nbt-2.2.1.tgz#a263e08b36fd27a682024549a8823d82f9ad30d9"
    integrity sha512-Mb50c58CPnuZ+qvM31DBa08tf9UumlTq1LkvpMoUpKfCuN05GZHTqCUwER3lxTSHLL0GZKghIPbYR/JQkINijQ==
    dependencies:
      protodef "^1.9.0"
  
  prismarine-physics@^1.3.1, prismarine-physics@^1.5.2:
    version "1.5.2"
    resolved "https://registry.yarnpkg.com/prismarine-physics/-/prismarine-physics-1.5.2.tgz#5772247f863e60a042151286164057e9c9cd4bfc"
    integrity sha512-Ak1yM/Fv9qxIt8Lgp/pHYS0v5P1bkZLq27Cb35Z/0YMCEUk0zXGfJOg0R666EQJOnAA1ABNZlRjglL9ZBMnWqg==
    dependencies:
      minecraft-data "^3.0.0"
      prismarine-nbt "^2.0.0"
      vec3 "^0.1.7"
  
  prismarine-recipe@^1.3.0:
    version "1.3.1"
    resolved "https://registry.yarnpkg.com/prismarine-recipe/-/prismarine-recipe-1.3.1.tgz#e2da9cb55f1ab0dca9d3175f495f6e16a6fb4c99"
    integrity sha512-xfa9E9ACoaDi+YzNQ+nk8kWSIqt5vSZOOCHIT+dTXscf/dng2HaJ/59uwe1D/jvOkAd2OvM6RRJM6fFe0q/LDA==
  
  prismarine-registry@^1.1.0, prismarine-registry@^1.4.0, prismarine-registry@^1.5.0:
    version "1.6.0"
    resolved "https://registry.yarnpkg.com/prismarine-registry/-/prismarine-registry-1.6.0.tgz#80cd0a6907c908d95f8c8ec834c8de6af19841d7"
    integrity sha512-oduDRuwa5rXT8CkPeMSlBsuBzxZF9oRsDpFK0oBStpIoNwSuTqqGGGgLlyL20OS2O9pmqYpOMlmG80CW4uuKJw==
    dependencies:
      minecraft-data "^3.0.0"
      prismarine-nbt "^2.0.0"
  
  prismarine-windows@^2.5.0:
    version "2.6.1"
    resolved "https://registry.yarnpkg.com/prismarine-windows/-/prismarine-windows-2.6.1.tgz#f0e1331eb3d61ad8a5e57a3e61adcd13489bf2e0"
    integrity sha512-5B8+W4Zb9MWaakd38I/WW564zEgat6bC23ftcv15yVYmHZTq8mtUfX2GsOUD3Pu/aFKarvXpyyJahFMUTUVoXg==
    dependencies:
      prismarine-item "^1.5.0"
      prismarine-registry "^1.5.0"
      typed-emitter "^1.0.0"
  
  prismarine-world@^3.6.0:
    version "3.6.1"
    resolved "https://registry.yarnpkg.com/prismarine-world/-/prismarine-world-3.6.1.tgz#c3923ddb8c4806947fb86695f7c8359380aef650"
    integrity sha512-sv7rR+vJ/ac3/dm4MoumreL4eqMi3B+h8I+JDYXQkNCdSJJISniQvi5qS4zTnAUCGXx/N6QfQ02bjBfyEoZuRw==
    dependencies:
      vec3 "^0.1.7"
  
  process@^0.11.10:
    version "0.11.10"
    resolved "https://registry.yarnpkg.com/process/-/process-0.11.10.tgz#7332300e840161bda3e69a1d1d91a7d4bc16f182"
    integrity sha512-cdGef/drWFoydD1JsMzuFf8100nZl+GT+yacc2bEced5f9Rjk4z+WtFUTBu9PhOi9j/jfmBPu0mMEY4wIdAF8A==
  
  protodef-validator@^1.3.0:
    version "1.3.1"
    resolved "https://registry.yarnpkg.com/protodef-validator/-/protodef-validator-1.3.1.tgz#bcdec416d25a8c17be19074bb16d157afa37d183"
    integrity sha512-lZ5FWKZYR9xOjpMw1+EfZRfCjzNRQWPq+Dk+jki47Sikl2EeWEPnTfnJERwnU/EwFq6us+0zqHHzSsmLeYX+Lg==
    dependencies:
      ajv "^6.5.4"
  
  protodef@^1.14.0, protodef@^1.8.0, protodef@^1.9.0:
    version "1.15.0"
    resolved "https://registry.yarnpkg.com/protodef/-/protodef-1.15.0.tgz#ce7cfcb95730bac1a56a8a859cc3868d2f6f1936"
    integrity sha512-bZ2Omw8dT+DACjJHLrBWZlqN4MlT9g9oSpJDdkUAJOStUzgJp+Zn42FJfPUdwutUxjaxA0PftN0PDlNa2XbneA==
    dependencies:
      lodash.get "^4.4.2"
      lodash.reduce "^4.6.0"
      protodef-validator "^1.3.0"
      readable-stream "^3.0.3"
  
  punycode@^2.1.0:
    version "2.2.0"
    resolved "https://registry.yarnpkg.com/punycode/-/punycode-2.2.0.tgz#2092cc57cd2582c38e4e7e8bb869dc8d3148bc74"
    integrity sha512-LN6QV1IJ9ZhxWTNdktaPClrNfp8xdSAYS0Zk2ddX7XsXZAxckMHPCBcHRo0cTcEIgYPRiGEkmji3Idkh2yFtYw==
  
  railroad-diagrams@^1.0.0:
    version "1.0.0"
    resolved "https://registry.yarnpkg.com/railroad-diagrams/-/railroad-diagrams-1.0.0.tgz#eb7e6267548ddedfb899c1b90e57374559cddb7e"
    integrity sha512-cz93DjNeLY0idrCNOH6PviZGRN9GJhsdm9hpn1YCS879fj4W+x5IFJhhkRZcwVgMmFF7R82UA/7Oh+R8lLZg6A==
  
  randexp@0.4.6:
    version "0.4.6"
    resolved "https://registry.yarnpkg.com/randexp/-/randexp-0.4.6.tgz#e986ad5e5e31dae13ddd6f7b3019aa7c87f60ca3"
    integrity sha512-80WNmd9DA0tmZrw9qQa62GPPWfuXJknrmVmLcxvq4uZBdYqb1wYoKTmnlGUchvVWe0XiLupYkBoXVOxz3C8DYQ==
    dependencies:
      discontinuous-range "1.0.0"
      ret "~0.1.10"
  
  react-is@^17.0.1:
    version "17.0.2"
    resolved "https://registry.yarnpkg.com/react-is/-/react-is-17.0.2.tgz#e691d4a8e9c789365655539ab372762b0efb54f0"
    integrity sha512-w2GsyukL62IJnlaff/nRegPQR94C/XXamvMWmSHRJ4y7Ts/4ocGRmTHvOs8PSE6pB3dWOrD/nueuU5sduBsQ4w==
  
  readable-stream@^3.0.3:
    version "3.6.0"
    resolved "https://registry.yarnpkg.com/readable-stream/-/readable-stream-3.6.0.tgz#337bbda3adc0706bd3e024426a286d4b4b2c9198"
    integrity sha512-BViHy7LKeTz4oNnkcLJ+lVSL6vpiFeX6/d3oSH8zCW7UxP2onchk+vTGB143xuFjHS3deTgkKoXXymXqymiIdA==
    dependencies:
      inherits "^2.0.3"
      string_decoder "^1.1.1"
      util-deprecate "^1.0.1"
  
  readable-stream@^4.1.0:
    version "4.3.0"
    resolved "https://registry.yarnpkg.com/readable-stream/-/readable-stream-4.3.0.tgz#0914d0c72db03b316c9733bb3461d64a3cc50cba"
    integrity sha512-MuEnA0lbSi7JS8XM+WNJlWZkHAAdm7gETHdFK//Q/mChGyj2akEFtdLZh32jSdkWGbRwCW9pn6g3LWDdDeZnBQ==
    dependencies:
      abort-controller "^3.0.0"
      buffer "^6.0.3"
      events "^3.3.0"
      process "^0.11.10"
  
  ret@~0.1.10:
    version "0.1.15"
    resolved "https://registry.yarnpkg.com/ret/-/ret-0.1.15.tgz#b8a4825d5bdb1fc3f6f53c2bc33f81388681c7bc"
    integrity sha512-TTlYpa+OL+vMMNG24xSlQGEJ3B/RzEfUlLct7b5G/ytav+wPrplCpVMFuwzXbkecJrb6IYo1iFb0S9v37754mg==
  
  safe-buffer@^5.0.1, safe-buffer@~5.2.0:
    version "5.2.1"
    resolved "https://registry.yarnpkg.com/safe-buffer/-/safe-buffer-5.2.1.tgz#1eaf9fa9bdb1fdd4ec75f58f9cdb4e6b7827eec6"
    integrity sha512-rp3So07KcdmmKbGvgaNxQSJr7bGVSVk5S9Eq1F+ppbRo70+YeaDxkw5Dd8NPN+GD6bjnYm2VuPuCXmpuYvmCXQ==
  
  safe-buffer@~5.1.1:
    version "5.1.2"
    resolved "https://registry.yarnpkg.com/safe-buffer/-/safe-buffer-5.1.2.tgz#991ec69d296e0313747d59bdfd2b745c35f8828d"
    integrity sha512-Gd2UZBJDkXlY7GbJxfsE8/nvKkUEU1G38c1siN6QP6a9PT9MmHB8GnpscSmMJSoF8LOIrt8ud/wPtojys4G6+g==
  
  semver@^7.3.8:
    version "7.3.8"
    resolved "https://registry.yarnpkg.com/semver/-/semver-7.3.8.tgz#07a78feafb3f7b32347d725e33de7e2a2df67798"
    integrity sha512-NB1ctGL5rlHrPJtFDVIVzTyQylMLu9N9VICA6HSFJo8MCGVTMW6gfpicwKmmK/dAjTOrqu5l63JJOpDSrAis3A==
    dependencies:
      lru-cache "^6.0.0"
  
  slash@^3.0.0:
    version "3.0.0"
    resolved "https://registry.yarnpkg.com/slash/-/slash-3.0.0.tgz#6539be870c165adbd5240220dbe361f1bc4d4634"
    integrity sha512-g9Q1haeby36OSStwb4ntCGGGaKsaVSjQ68fBxoQcutl5fS1vuY18H3wSt3jFyFtrkx+Kz0V1G85A4MyAdDMi2Q==
  
  smart-buffer@^4.1.0:
    version "4.2.0"
    resolved "https://registry.yarnpkg.com/smart-buffer/-/smart-buffer-4.2.0.tgz#6e1d71fa4f18c05f7d0ff216dd16a481d0e8d9ae"
    integrity sha512-94hK0Hh8rPqQl2xXc3HsaBoOXKV20MToPkcXvwbISWLEs+64sBq5kFgn2kJDHb1Pry9yrP0dxrCI9RRci7RXKg==
  
  sprintf-js@^1.1.2:
    version "1.1.2"
    resolved "https://registry.yarnpkg.com/sprintf-js/-/sprintf-js-1.1.2.tgz#da1765262bf8c0f571749f2ad6c26300207ae673"
    integrity sha512-VE0SOVEHCk7Qc8ulkWw3ntAzXuqf7S2lvwQaDLRnUeIEaKNQJzV6BwmLKhOqT61aGhfUMrXeaBk+oDGCzvhcug==
  
  stack-utils@^2.0.3:
    version "2.0.6"
    resolved "https://registry.yarnpkg.com/stack-utils/-/stack-utils-2.0.6.tgz#aaf0748169c02fc33c8232abccf933f54a1cc34f"
    integrity sha512-XlkWvfIm6RmsWtNJx+uqtKLS8eqFbxUg0ZzLXqY0caEy9l7hruX8IpiDnjsLavoBgqCCR71TqWO8MaXYheJ3RQ==
    dependencies:
      escape-string-regexp "^2.0.0"
  
  strict-event-emitter-types@^2.0.0:
    version "2.0.0"
    resolved "https://registry.yarnpkg.com/strict-event-emitter-types/-/strict-event-emitter-types-2.0.0.tgz#05e15549cb4da1694478a53543e4e2f4abcf277f"
    integrity sha512-Nk/brWYpD85WlOgzw5h173aci0Teyv8YdIAEtV+N88nDB0dLlazZyJMIsN6eo1/AR61l+p6CJTG1JIyFaoNEEA==
  
  string_decoder@^1.1.1:
    version "1.3.0"
    resolved "https://registry.yarnpkg.com/string_decoder/-/string_decoder-1.3.0.tgz#42f114594a46cf1a8e30b0a84f56c78c3edac21e"
    integrity sha512-hkRX8U1WjJFd8LsDJ2yQ/wWWxaopEsABU1XfkM8A+j0+85JAGppt16cr1Whg6KIbb4okU6Mql6BOj+uup/wKeA==
    dependencies:
      safe-buffer "~5.2.0"
  
  supports-color@^5.3.0:
    version "5.5.0"
    resolved "https://registry.yarnpkg.com/supports-color/-/supports-color-5.5.0.tgz#e2e69a44ac8772f78a1ec0b35b689df6530efc8f"
    integrity sha512-QjVjwdXIt408MIiAqCX4oUKsgU2EqAGzs2Ppkm4aQYbjm+ZEWEcW4SfFNTr4uMNZma0ey4f5lgLrkB0aX0QMow==
    dependencies:
      has-flag "^3.0.0"
  
  supports-color@^7.1.0:
    version "7.2.0"
    resolved "https://registry.yarnpkg.com/supports-color/-/supports-color-7.2.0.tgz#1b7dcdcb32b8138801b3e478ba6a51caa89648da"
    integrity sha512-qpCAvRl9stuOHveKsn7HncJRvv501qIacKzQlO/+Lwxc9+0q2wLyv4Dfvt80/DPn2pqOBsJdDiogXGR9+OvwRw==
    dependencies:
      has-flag "^4.0.0"
  
  to-regex-range@^5.0.1:
    version "5.0.1"
    resolved "https://registry.yarnpkg.com/to-regex-range/-/to-regex-range-5.0.1.tgz#1648c44aae7c8d988a326018ed72f5b4dd0392e4"
    integrity sha512-65P7iz6X5yEr1cwcgvQxbbIw7Uk3gOy5dIdtZ4rDveLqhrdJP+Li/Hx6tyK0NEb+2GCyneCMJiGqrADCSNk8sQ==
    dependencies:
      is-number "^7.0.0"
  
  tr46@~0.0.3:
    version "0.0.3"
    resolved "https://registry.yarnpkg.com/tr46/-/tr46-0.0.3.tgz#8184fd347dac9cdc185992f3a6622e14b9d9ab6a"
    integrity sha512-N3WMsuqV66lT30CrXNbEjx4GEwlow3v6rr4mCcv6prnfwhS01rkgyFdjPNBYd9br7LpXV1+Emh01fHnq2Gdgrw==
  
  typed-emitter@^1.0.0:
    version "1.4.0"
    resolved "https://registry.yarnpkg.com/typed-emitter/-/typed-emitter-1.4.0.tgz#38c6bf1224e764906bb20cb0b458fa914100607c"
    integrity sha512-weBmoo3HhpKGgLBOYwe8EB31CzDFuaK7CCL+axXhUYhn4jo6DSkHnbefboCF5i4DQ2aMFe0C/FdTWcPdObgHyg==
  
  typescript@^4.9.4:
    version "4.9.4"
    resolved "https://registry.yarnpkg.com/typescript/-/typescript-4.9.4.tgz#a2a3d2756c079abda241d75f149df9d561091e78"
    integrity sha512-Uz+dTXYzxXXbsFpM86Wh3dKCxrQqUcVMxwU54orwlJjOpO3ao8L7j5lH+dWfTwgCwIuM9GQ2kvVotzYJMXTBZg==
  
  uint4@^0.1.2:
    version "0.1.2"
    resolved "https://registry.yarnpkg.com/uint4/-/uint4-0.1.2.tgz#50c5ae04b85d28128f2df3cc0ecc4d41abc2f681"
    integrity sha512-lhEx78gdTwFWG+mt6cWAZD/R6qrIj0TTBeH5xwyuDJyswLNlGe+KVlUPQ6+mx5Ld332pS0AMUTo9hIly7YsWxQ==
  
  uri-js@^4.2.2:
    version "4.4.1"
    resolved "https://registry.yarnpkg.com/uri-js/-/uri-js-4.4.1.tgz#9b1a52595225859e55f669d928f88c6c57f2a77e"
    integrity sha512-7rKUyy33Q1yc98pQ1DAmLtwX109F7TIfWlW1Ydo8Wl1ii1SeHieeh0HHfPeL2fMXK6z0s8ecKs9frCuLJvndBg==
    dependencies:
      punycode "^2.1.0"
  
  util-deprecate@^1.0.1:
    version "1.0.2"
    resolved "https://registry.yarnpkg.com/util-deprecate/-/util-deprecate-1.0.2.tgz#450d4dc9fa70de732762fbd2d4a28981419a0ccf"
    integrity sha512-EPD5q1uXyFxJpCrLnCc1nHnq3gOa6DZBocAIiI2TaSCA7VCJ1UJDMagCzIkXNsUYfD1daK//LTEQ8xiIbrHtcw==
  
  uuid-1345@^1.0.1, uuid-1345@^1.0.2:
    version "1.0.2"
    resolved "https://registry.yarnpkg.com/uuid-1345/-/uuid-1345-1.0.2.tgz#1c43d074507c40494278d5236199bffac81e19b8"
    integrity sha512-bA5zYZui+3nwAc0s3VdGQGBfbVsJLVX7Np7ch2aqcEWFi5lsAEcmO3+lx3djM1npgpZI8KY2FITZ2uYTnYUYyw==
    dependencies:
      macaddress "^0.5.1"
  
  uuid@^8.2.0, uuid@^8.3.0:
    version "8.3.2"
    resolved "https://registry.yarnpkg.com/uuid/-/uuid-8.3.2.tgz#80d5b5ced271bb9af6c445f21a1a04c606cefbe2"
    integrity sha512-+NYs2QeMWy+GWFOEm9xnn6HCDp0l7QBD7ml8zLUmJ+93Q5NF0NocErnwkTkXVFNiX3/fpC6afS8Dhb/gz7R7eg==
  
  vec3@^0.1.3, vec3@^0.1.4, vec3@^0.1.7:
    version "0.1.7"
    resolved "https://registry.yarnpkg.com/vec3/-/vec3-0.1.7.tgz#e203a7bcc2d074c328721421beed48b30c81e41b"
    integrity sha512-EZSeXBL+L3go2wWwtQQse4fEcNGIQjT14qvi4LYVj1ifZt/J5XZ1QZqkDuOVVH07YwTEIFbsAv3pzwUpF7x9Wg==
  
  webidl-conversions@^3.0.0:
    version "3.0.1"
    resolved "https://registry.yarnpkg.com/webidl-conversions/-/webidl-conversions-3.0.1.tgz#24534275e2a7bc6be7bc86611cc16ae0a5654871"
    integrity sha512-2JAn3z8AR6rjK8Sm8orRC0h/bcl/DqL7tRPdGZ4I1CjdF+EaMLmYxBHyXuKL849eucPFhvBoxMsflfOb8kxaeQ==
  
  whatwg-url@^5.0.0:
    version "5.0.0"
    resolved "https://registry.yarnpkg.com/whatwg-url/-/whatwg-url-5.0.0.tgz#966454e8765462e37644d3626f6742ce8b70965d"
    integrity sha512-saE57nupxk6v3HY35+jzBwYa0rKSy0XR8JSxZPwgLr7ys0IBzhGviA1/TUGJLmSVqs8pb9AnvICXEuOHLprYTw==
    dependencies:
      tr46 "~0.0.3"
      webidl-conversions "^3.0.0"
  
  xxhash-wasm@^0.4.2:
    version "0.4.2"
    resolved "https://registry.yarnpkg.com/xxhash-wasm/-/xxhash-wasm-0.4.2.tgz#752398c131a4dd407b5132ba62ad372029be6f79"
    integrity sha512-/eyHVRJQCirEkSZ1agRSCwriMhwlyUcFkXD5TPVSLP+IPzjsqMVzZwdoczLp1SoQU0R3dxz1RpIK+4YNQbCVOA==
  
  yallist@^4.0.0:
    version "4.0.0"
    resolved "https://registry.yarnpkg.com/yallist/-/yallist-4.0.0.tgz#9bb92790d9c0effec63be73519e11a35019a3a72"
    integrity sha512-3wdGidZyq5PB084XLES5TpOSRA3wjXAlIWMhum2kRcv/41Sn2emQ0dycQW4uZXLejwKvg6EsvbdlVL+FYEct7A==
  
  yggdrasil@^1.4.0:
    version "1.7.0"
    resolved "https://registry.yarnpkg.com/yggdrasil/-/yggdrasil-1.7.0.tgz#bfe9fabfd3600078cd1fa0d4445bf6fc6bf46149"
    integrity sha512-QBIo5fiNd7688G3FqXXYGr36uyrYzczlNuzpWFy2zL3+R+3KT2lF+wFxm51synfA3l3z6IBiGOc1/EVXWCYY1Q==
    dependencies:
      node-fetch "^2.6.1"
      uuid "^8.2.0"
